[16-01-26 03-01-01] [trace] [XLog\Logger.Log] App Started
[16-01-26 03-01-01] [info] [Rss\NewContentChecker.checkForNewContent] GUID file is empty
[16-01-26 03-01-01] [info] [Rss\OutputUpdater.updateOutput -> Rss\GuidUpdater.update] Updating GUIDs
[16-01-26 03-01-01] [info] [Rss\OutputUpdater.updateOutput -> Rss\GuidUpdater.update] GUIDs updated
[16-01-26 10-01-52] [trace] [XLog\Logger.Log] App Started
[16-01-26 10-01-52] [info] [Rss\NewContentChecker.checkForNewContent] Rss file has new content
[16-01-26 10-01-52] [info] [Rss\OutputUpdater.updateOutput -> Rss\GuidUpdater.update] Updating GUIDs
[16-01-26 10-01-52] [info] [Rss\OutputUpdater.updateOutput -> Rss\GuidUpdater.update] GUIDs updated
[16-01-26 11-01-36] [trace] [XLog\Logger.Log] App Started
[16-01-26 11-01-44] [trace] [XLog\Logger.Log] App Started
[16-01-26 11-01-12] [trace] [XLog\Logger.Log] App Started
[16-01-26 11-01-07] [trace] [XLog\Logger.Log] App Started
[16-01-26 11-01-26] [trace] [XLog\Logger.Log] App Started
[16-01-26 11-01-07] [trace] [XLog\Logger.Log] App Started
[16-01-26 11-01-30] [trace] [XLog\Logger.Log] App Started
[16-01-26 11-01-51] [trace] [XLog\Logger.Log] App Started
[16-01-26 11-01-25] [trace] [XLog\Logger.Log] App Started
[16-01-26 11-01-40] [trace] [XLog\Logger.Log] App Started
[16-01-26 11-01-40] [info] [XLog\Logger.Log] No new items detected
[16-01-26 11-01-55] [trace] [XLog\Logger.Log] App Started
[16-01-26 11-01-56] [info] [XLog\Logger.Log] No new items detected
[16-01-26 11-01-35] [trace] [XLog\Logger.Log] App Started
[16-01-26 11-01-35] [info] [XLog\Logger.Log] No new items detected
